<?xml version="1.0" encoding="UTF-8"?>
<testsuite xmlns:xsi="http://www.w3.org/2001/XMLSchema-instance" xsi:noNamespaceSchemaLocation="https://maven.apache.org/surefire/maven-surefire-plugin/xsd/surefire-test-report.xsd" name="RunCucumberTest" time="6.86" tests="2" errors="0" skipped="0" failures="0">
  <properties>
[...]
</properties>
  <testcase name="An example - The example" classname="hellocucumber.RunCucumberTest" time="3.685"/>
  <testcase name="An example - Login Button" classname="hellocucumber.RunCucumberTest" time="3.087"/>
</testsuite>